2025-01-06 12:23:48.241 [info] [main] Log level: Info
2025-01-06 12:23:48.241 [info] [main] Validating found git in: "git"
2025-01-06 12:23:48.241 [info] [main] Using git "2.43.0" from "git"
2025-01-06 12:23:48.241 [info] [Model][doInitialScan] Initial repository scan started
2025-01-06 12:23:48.241 [info] > git rev-parse --show-toplevel [2ms]
2025-01-06 12:23:48.241 [info] fatal: not a git repository (or any parent up to mount point /)
Stopping at filesystem boundary (GIT_DISCOVERY_ACROSS_FILESYSTEM not set).
2025-01-06 12:23:48.241 [info] > git rev-parse --show-toplevel [2ms]
2025-01-06 12:23:48.241 [info] fatal: not a git repository (or any parent up to mount point /)
Stopping at filesystem boundary (GIT_DISCOVERY_ACROSS_FILESYSTEM not set).
2025-01-06 12:23:48.242 [info] > git rev-parse --show-toplevel [4ms]
2025-01-06 12:23:48.242 [info] fatal: not a git repository (or any parent up to mount point /)
Stopping at filesystem boundary (GIT_DISCOVERY_ACROSS_FILESYSTEM not set).
2025-01-06 12:23:48.260 [info] > git rev-parse --show-toplevel [16ms]
2025-01-06 12:23:48.260 [info] fatal: not a git repository (or any parent up to mount point /)
Stopping at filesystem boundary (GIT_DISCOVERY_ACROSS_FILESYSTEM not set).
2025-01-06 12:23:48.268 [info] > git rev-parse --show-toplevel [6ms]
2025-01-06 12:23:48.268 [info] fatal: not a git repository (or any parent up to mount point /)
Stopping at filesystem boundary (GIT_DISCOVERY_ACROSS_FILESYSTEM not set).
2025-01-06 12:23:48.270 [info] [Model][doInitialScan] Initial repository scan completed - repositories (0), closed repositories (0), parent repositories (0), unsafe repositories (0)
2025-01-06 12:23:49.429 [info] > git rev-parse --show-toplevel [5ms]
2025-01-06 12:23:49.429 [info] fatal: not a git repository (or any parent up to mount point /)
Stopping at filesystem boundary (GIT_DISCOVERY_ACROSS_FILESYSTEM not set).
2025-01-06 12:26:56.216 [info] > git rev-parse --show-toplevel [3ms]
2025-01-06 12:26:56.216 [info] fatal: not a git repository (or any parent up to mount point /)
Stopping at filesystem boundary (GIT_DISCOVERY_ACROSS_FILESYSTEM not set).
2025-01-06 12:26:58.624 [info] > git rev-parse --show-toplevel [5ms]
2025-01-06 12:26:58.624 [info] fatal: not a git repository (or any parent up to mount point /)
Stopping at filesystem boundary (GIT_DISCOVERY_ACROSS_FILESYSTEM not set).
