2025-01-06 12:30:11.557 [info] [main] Log level: Info
2025-01-06 12:30:11.557 [info] [main] Validating found git in: "git"
2025-01-06 12:30:11.557 [info] [main] Using git "2.43.0" from "git"
2025-01-06 12:30:11.557 [info] [Model][doInitialScan] Initial repository scan started
2025-01-06 12:30:11.557 [info] > git rev-parse --show-toplevel [2ms]
2025-01-06 12:30:11.557 [info] fatal: not a git repository (or any parent up to mount point /)
Stopping at filesystem boundary (GIT_DISCOVERY_ACROSS_FILESYSTEM not set).
2025-01-06 12:30:11.557 [info] > git rev-parse --show-toplevel [1ms]
2025-01-06 12:30:11.557 [info] fatal: not a git repository (or any parent up to mount point /)
Stopping at filesystem boundary (GIT_DISCOVERY_ACROSS_FILESYSTEM not set).
2025-01-06 12:30:11.557 [info] > git rev-parse --show-toplevel [2ms]
2025-01-06 12:30:11.557 [info] fatal: not a git repository (or any parent up to mount point /)
Stopping at filesystem boundary (GIT_DISCOVERY_ACROSS_FILESYSTEM not set).
2025-01-06 12:30:11.558 [info] > git rev-parse --show-toplevel [2ms]
2025-01-06 12:30:11.558 [info] fatal: not a git repository (or any parent up to mount point /)
Stopping at filesystem boundary (GIT_DISCOVERY_ACROSS_FILESYSTEM not set).
2025-01-06 12:30:11.559 [info] [Model][doInitialScan] Initial repository scan completed - repositories (0), closed repositories (0), parent repositories (0), unsafe repositories (0)
2025-01-06 12:31:49.260 [info] > git rev-parse --show-toplevel [4ms]
2025-01-06 12:31:49.261 [info] fatal: not a git repository (or any parent up to mount point /)
Stopping at filesystem boundary (GIT_DISCOVERY_ACROSS_FILESYSTEM not set).
